################################################################################################################
#                               ___                         ___                                     ___        #
#                              /\__\                       /\  \         _____                     /\  \       #
#    ____         _____       /:/ _/_         ___          \:\  \       /::\  \       ___         /::\  \      #
#   / __ \       / ___ \     /:/ /\  \       /\__\          \:\  \     /:/\:\  \     /\__\       /:/\:\  \     #
#  / /  \ \     / /   \_)   /:/ /::\  \     /:/  /      ___  \:\  \   /:/  \:\__\   /:/__/      /:/  \:\  \    #
# ( (    ) )   ( (  ____   /:/_/:/\:\__\   /:/__/      /\  \  \:\__\ /:/__/ \:|__| /::\  \     /:/__/ \:\__\   #
# ( (  /\) )   ( ( (__  )  \:\/:/ /:/  /  /::\  \      \:\  \ /:/  / \:\  \ /:/  / \/\:\  \__  \:\  \ /:/  /   #
#  \ \_\ \/     \ \__/ /    \::/ /:/  /  /:/\:\  \      \:\  /:/  /   \:\  /:/  /   ~~\:\/\__\  \:\  /:/  /    #
#   \___\ \_     \____/      \/_/:/  /   \/__\:\  \      \:\/:/  /     \:\/:/  /       \::/  /   \:\/:/  /     #
#        \__)                  /:/  /         \:\__\      \::/  /       \::/  /        /:/  /     \::/  /      #
#                              \/__/           \/__/       \/__/         \/__/         \/__/       \/__/       #
#                                                                                                              #
################################################################################################################

##########################################################################
#      ___           ___           ___           ___           ___       #
#     /\  \         /\  \         /\  \         /\  \         /\  \      #
#     \:\  \       /::\  \       /::\  \       /::\  \       /::\  \     #
#      \:\  \     /:/\:\  \     /:/\:\  \     /:/\:\  \     /:/\ \  \    #
#      /::\  \   /::\~\:\__\   /:/  \:\__\   /::\~\:\  \   _\:\~\ \  \   #
#     /:/\:\__\ /:/\:\ \:|__| /:/__/ \:|__| /:/\:\ \:\__\ /\ \:\ \ \__\  #
#    /:/  \/__/ \:\~\:\/:/  / \:\  \ /:/  / \/__\:\/:/  / \:\ \:\ \/__/  #
#   /:/  /       \:\ \::/  /   \:\  /:/  /       \::/  /   \:\ \:\__\    #
#   \/__/         \:\/:/  /     \:\/:/  /        /:/  /     \:\/:/  /    #
#                  \::/__/       \::/__/        /:/  /       \::/  /     #
#                   ~~            ~~            \/__/         \/__/      #
#                                                                        #
##########################################################################